2026-04-07 10:13:15,079 INFO: 
                ____                _       _____  ____
               / __ ) ____ _ _____ (_)_____/ ___/ / __ \
              / __  |/ __ `// ___// // ___/\__ \ / /_/ /
             / /_/ // /_/ /(__  )/ // /__ ___/ // _, _/
            /_____/ \__,_//____//_/ \___//____//_/ |_|
     ______                   __   __                 __      __
    / ____/____   ____   ____/ /  / /   __  __ _____ / /__   / /
   / / __ / __ \ / __ \ / __  /  / /   / / / // ___// //_/  / /
  / /_/ // /_/ // /_/ // /_/ /  / /___/ /_/ // /__ / /<    /_/
  \____/ \____/ \____/ \____/  /_____/\____/ \___//_/|_|  (_)
    
Version Information: 
	BasicSR: 1.4.2
	PyTorch: 1.12.1+cu102
	TorchVision: 0.13.1+cu102
2026-04-07 10:13:15,080 INFO: 
  name: Uformer_precip_ep120_2e4lr_c128_zscore_x2_hgtxcoder
  model_type: ClimateUformerModel
  scale: 2
  num_gpu: 1
  manual_seed: 0
  fp16: False
  datasets:[
    train:[
      name: Precip
      type: MergeDataset
      dirName_stat: ./DownScale_Paper/param_stat_12_36/
      dirName_data: ./DownScale_Paper/
      listofVar: ['ERA5_precip_cut']
      varName_gt: ['CHIRPS_precip_cut_obs']
      index_gt: [0]
      radar_file: ./DownScale_Paper/DownScale_Correction_split/data.txt
      normalize: zscore
      hgt_obs: HGT_fix_cut_obs
      file_format: date
      fix_file_name: HGT_fix.npy
      seq_length: 1
      seq_interval: 1
      train_file: ./DownScale_Paper/DownScale_Correction_split/train_12_36.txt
      use_shuffle: True
      num_worker_per_gpu: 2
      batch_size_per_gpu: 4
      dataset_enlarge_ratio: 1
      randomcrop: False
      gt_size: 80
      prefetch_mode: None
      phase: train
      scale: 2
    ]
    val:[
      name: Precip
      type: MergeDataset
      dirName_stat: ./DownScale_Paper/param_stat_12_36/
      dirName_data: ./DownScale_Paper/
      listofVar: ['ERA5_precip_cut']
      varName_gt: ['CHIRPS_precip_cut_obs']
      index_gt: [0]
      radar_file: ./DownScale_Paper/DownScale_Correction_split/data.txt
      normalize: zscore
      hgt_obs: HGT_fix_cut_obs
      file_format: date
      fix_file_name: HGT_fix.npy
      seq_length: 1
      seq_interval: 1
      train_file: ./DownScale_Paper/DownScale_Correction_split/val_12_36.txt
      phase: val
      scale: 2
    ]
    test_1:[
      name: Precip
      type: MergeDataset
      dirName_stat: ./DownScale_Paper/param_stat_12_36/
      dirName_data: ./DownScale_Paper/
      listofVar: ['ERA5_precip_cut']
      varName_gt: ['CHIRPS_precip_cut_obs']
      index_gt: [0]
      radar_file: ./DownScale_Paper/DownScale_Correction_split/data.txt
      normalize: zscore
      hgt_obs: HGT_fix_cut_obs
      file_format: date
      fix_file_name: HGT_fix.npy
      seq_length: 1
      seq_interval: 1
      train_file: ./DownScale_Paper/DownScale_Correction_split/val_12_36.txt
      phase: test
      scale: 2
    ]
  ]
  network_g:[
    type: ClimateUformerMultiScaleHGT
    add_hgt: True
    upscale: 2
    num_in_ch: 1
    num_out_ch: 1
    img_size: 40
    window_size: 8
    depths: [2, 2, 2, 2, 2]
    embed_dim: 128
    num_heads: [4, 8, 16, 16, 8]
    mlp_ratio: 4
    token_projection: linear
    token_mlp: leff
    activation: none
    multi_add_pos: xcoder
  ]
  path:[
    pretrain_network_g: None
    strict_load_g: True
    resume_state: None
    experiments_root: /home/vipult/TransfomerDownscaling_MP/experiments/Uformer_precip_ep120_2e4lr_c128_zscore_x2_hgtxcoder
    models: /home/vipult/TransfomerDownscaling_MP/experiments/Uformer_precip_ep120_2e4lr_c128_zscore_x2_hgtxcoder/models
    training_states: /home/vipult/TransfomerDownscaling_MP/experiments/Uformer_precip_ep120_2e4lr_c128_zscore_x2_hgtxcoder/training_states
    log: /home/vipult/TransfomerDownscaling_MP/experiments/Uformer_precip_ep120_2e4lr_c128_zscore_x2_hgtxcoder
    visualization: /home/vipult/TransfomerDownscaling_MP/experiments/Uformer_precip_ep120_2e4lr_c128_zscore_x2_hgtxcoder/visualization
  ]
  train:[
    optim_g:[
      type: Adam
      lr: 0.0002
      betas: [0.9, 0.99]
    ]
    scheduler:[
      type: MultiStepLR
      milestones: [1140, 1824, 2052, 2166]
      gamma: 0.5
    ]
    total_iter: 2280
    warmup_iter: -1
    pixel_opt:[
      type: CharbonnierLoss
      loss_weight: 10
      reduction: mean
    ]
  ]
  val:[
    val_freq: 19
    save_img: False
    save_npy: True
    save_npy_onlyoutput: True
    pbar: True
    metrics:[
      psnr:[
        type: calculate_climate_psnr
        crop_border: 0
      ]
      mse:[
        type: calculate_climate_mse
        crop_border: 0
        better: lower
      ]
      mae:[
        type: calculate_climate_mae
        crop_border: 0
        better: lower
      ]
    ]
  ]
  logger:[
    print_freq: 10
    save_checkpoint_freq: 190
    use_tb_logger: True
  ]
  dist_params:[
    backend: nccl
    port: 29500
  ]
  dist: False
  rank: 0
  world_size: 1
  auto_resume: False
  is_train: True
  root_path: /home/vipult/TransfomerDownscaling_MP

2026-04-07 10:13:15,230 INFO: Load stat from ./DownScale_Paper/param_stat_12_36/ERA5_precip_stat.pkl

2026-04-07 10:13:15,446 INFO: Load stat from ./DownScale_Paper/param_stat_12_36/CHIRPS_precip_obs_stat.pkl

2026-04-07 10:13:15,449 INFO: Load stat from ./DownScale_Paper/param_stat_12_36/HGT_obs_stat.pkl

2026-04-07 10:13:15,462 INFO: Dataset [MergeDataset] - Precip is built.
2026-04-07 10:13:15,462 INFO: Training statistics:
	Number of train images: 74
	Dataset enlarge ratio: 1
	Batch size per gpu: 4
	World size (gpu number): 1
	Require iter number per epoch: 19
	Total epochs: 120; iters: 2280.
2026-04-07 10:13:15,474 INFO: Load stat from ./DownScale_Paper/param_stat_12_36/ERA5_precip_stat.pkl

2026-04-07 10:13:15,475 INFO: Load stat from ./DownScale_Paper/param_stat_12_36/CHIRPS_precip_obs_stat.pkl

2026-04-07 10:13:15,475 INFO: Load stat from ./DownScale_Paper/param_stat_12_36/HGT_obs_stat.pkl

2026-04-07 10:13:15,476 INFO: Dataset [MergeDataset] - Precip is built.
2026-04-07 10:13:15,476 INFO: Number of val images/folders in Precip: 9
